2024-03-11 12:16:51 ERROR w7q2:17 - File not found:x.txt (No such file or directory)
2024-03-11 12:17:33 ERROR w7q3:12 - Runtime Exception: Runtime Exception Occurred! Logged in the log file.
2024-03-11 12:18:45 INFO  w8q1:24 - Database connection established successfully.
2024-03-11 12:18:45 INFO  w8q1:30 - Closing the database connection.
2024-03-11 12:19:02 INFO  w8q1:30 - Closing the database connection.
2024-03-11 12:19:02 ERROR w8q1:34 - Custom Exception: Error connecting to the database
WEEK_8.DatabaseConnectionException: Error connecting to the database
	at WEEK_8.w8q1.main(w8q1.java:27)
Caused by: java.sql.SQLException: Access denied for user 'root'@'localhost' (using password: YES)
	at com.mysql.cj.jdbc.exceptions.SQLError.createSQLException(SQLError.java:130)
	at com.mysql.cj.jdbc.exceptions.SQLExceptionsMapping.translateException(SQLExceptionsMapping.java:122)
	at com.mysql.cj.jdbc.ConnectionImpl.createNewIO(ConnectionImpl.java:815)
	at com.mysql.cj.jdbc.ConnectionImpl.<init>(ConnectionImpl.java:438)
	at com.mysql.cj.jdbc.ConnectionImpl.getInstance(ConnectionImpl.java:241)
	at com.mysql.cj.jdbc.NonRegisteringDriver.connect(NonRegisteringDriver.java:189)
	at java.sql/java.sql.DriverManager.getConnection(DriverManager.java:683)
	at java.sql/java.sql.DriverManager.getConnection(DriverManager.java:230)
	at WEEK_8.w8q1.main(w8q1.java:23)
2024-03-11 12:19:48 INFO  w8q3:42 - Successfully connected to https://example.com
2024-03-11 12:19:48 INFO  ConnectionWrapper:26 - HttpURLConnection closed successfully.
2024-03-11 12:19:48 INFO  w8q3:51 - Finally block executed.
